<?xml version="1.0" encoding="UTF-8"?>
<testng-results ignored="0" total="1" passed="1" failed="0" skipped="0">
  <reporter-output>
  </reporter-output>
  <suite started-at="2024-12-03T20:46:22 IST" name="Default suite" finished-at="2024-12-03T20:46:32 IST" duration-ms="9821">
    <groups>
    </groups>
    <test started-at="2024-12-03T20:46:22 IST" name="Default test" finished-at="2024-12-03T20:46:32 IST" duration-ms="9821">
      <class name="com.crm.vtigerE4.TestScript1">
        <test-method is-config="true" signature="beforesuite()[pri:0, instance:com.crm.vtigerE4.TestScript1@4c402120]" started-at="2024-12-03T20:46:22 IST" name="beforesuite" finished-at="2024-12-03T20:46:22 IST" duration-ms="8" status="PASS">
          <reporter-output>
          </reporter-output>
        </test-method> <!-- beforesuite -->
        <test-method is-config="true" signature="beforeTest()[pri:0, instance:com.crm.vtigerE4.TestScript1@4c402120]" started-at="2024-12-03T20:46:22 IST" name="beforeTest" finished-at="2024-12-03T20:46:22 IST" duration-ms="1" status="PASS">
          <reporter-output>
          </reporter-output>
        </test-method> <!-- beforeTest -->
        <test-method is-config="true" signature="preCondition()[pri:0, instance:com.crm.vtigerE4.TestScript1@4c402120]" started-at="2024-12-03T20:46:22 IST" name="preCondition" finished-at="2024-12-03T20:46:25 IST" duration-ms="2990" status="PASS">
          <reporter-output>
          </reporter-output>
        </test-method> <!-- preCondition -->
        <test-method is-config="true" signature="login()[pri:0, instance:com.crm.vtigerE4.TestScript1@4c402120]" started-at="2024-12-03T20:46:25 IST" name="login" finished-at="2024-12-03T20:46:27 IST" duration-ms="2385" status="PASS">
          <reporter-output>
          </reporter-output>
        </test-method> <!-- login -->
        <test-method signature="verification()[pri:0, instance:com.crm.vtigerE4.TestScript1@4c402120]" started-at="2024-12-03T20:46:27 IST" name="verification" finished-at="2024-12-03T20:46:27 IST" duration-ms="19" status="PASS">
          <reporter-output>
          </reporter-output>
        </test-method> <!-- verification -->
        <test-method is-config="true" signature="logout()[pri:0, instance:com.crm.vtigerE4.TestScript1@4c402120]" started-at="2024-12-03T20:46:27 IST" name="logout" finished-at="2024-12-03T20:46:31 IST" duration-ms="3965" status="PASS">
          <reporter-output>
          </reporter-output>
        </test-method> <!-- logout -->
        <test-method is-config="true" signature="postCondition()[pri:0, instance:com.crm.vtigerE4.TestScript1@4c402120]" started-at="2024-12-03T20:46:31 IST" name="postCondition" finished-at="2024-12-03T20:46:32 IST" duration-ms="426" status="PASS">
          <reporter-output>
          </reporter-output>
        </test-method> <!-- postCondition -->
        <test-method is-config="true" signature="afterTest()[pri:0, instance:com.crm.vtigerE4.TestScript1@4c402120]" started-at="2024-12-03T20:46:32 IST" name="afterTest" finished-at="2024-12-03T20:46:32 IST" duration-ms="0" status="PASS">
          <reporter-output>
          </reporter-output>
        </test-method> <!-- afterTest -->
        <test-method is-config="true" signature="afterSuite()[pri:0, instance:com.crm.vtigerE4.TestScript1@4c402120]" started-at="2024-12-03T20:46:32 IST" name="afterSuite" finished-at="2024-12-03T20:46:32 IST" duration-ms="0" status="PASS">
          <reporter-output>
          </reporter-output>
        </test-method> <!-- afterSuite -->
      </class> <!-- com.crm.vtigerE4.TestScript1 -->
    </test> <!-- Default test -->
  </suite> <!-- Default suite -->
</testng-results>
